<?xml version="1.0" encoding="UTF-8"?>
<testng-results ignored="0" total="1" passed="1" failed="0" skipped="0">
  <reporter-output>
  </reporter-output>
  <suite started-at="2023-03-25T07:22:00 IST" name="Default suite" finished-at="2023-03-25T07:22:24 IST" duration-ms="23728">
    <groups>
    </groups>
    <test started-at="2023-03-25T07:22:00 IST" name="Default test" finished-at="2023-03-25T07:22:24 IST" duration-ms="23728">
      <class name="Test.FacebookCreateAccount">
        <test-method is-config="true" signature="executionStart()[pri:0, instance:Test.FacebookCreateAccount@19bb07ed]" started-at="2023-03-25T07:22:00 IST" name="executionStart" finished-at="2023-03-25T07:22:00 IST" duration-ms="30" status="PASS">
          <reporter-output>
          </reporter-output>
        </test-method> <!-- executionStart -->
        <test-method is-config="true" signature="setup()[pri:0, instance:Test.FacebookCreateAccount@19bb07ed]" started-at="2023-03-25T07:22:00 IST" name="setup" finished-at="2023-03-25T07:22:10 IST" duration-ms="10291" status="PASS">
          <reporter-output>
          </reporter-output>
        </test-method> <!-- setup -->
        <test-method signature="createaccount()[pri:0, instance:Test.FacebookCreateAccount@19bb07ed]" started-at="2023-03-25T07:22:10 IST" name="createaccount" finished-at="2023-03-25T07:22:23 IST" duration-ms="13329" status="PASS">
          <reporter-output>
          </reporter-output>
        </test-method> <!-- createaccount -->
        <test-method is-config="true" signature="teardown()[pri:0, instance:Test.FacebookCreateAccount@19bb07ed]" started-at="2023-03-25T07:22:24 IST" name="teardown" finished-at="2023-03-25T07:22:24 IST" duration-ms="1" status="PASS">
          <reporter-output>
          </reporter-output>
        </test-method> <!-- teardown -->
        <test-method is-config="true" signature="executionEnds()[pri:0, instance:Test.FacebookCreateAccount@19bb07ed]" started-at="2023-03-25T07:22:24 IST" name="executionEnds" finished-at="2023-03-25T07:22:24 IST" duration-ms="1" status="PASS">
          <reporter-output>
          </reporter-output>
        </test-method> <!-- executionEnds -->
      </class> <!-- Test.FacebookCreateAccount -->
    </test> <!-- Default test -->
  </suite> <!-- Default suite -->
</testng-results>
